<?xml version="1.0" encoding="UTF-8"?>
<!-- Generated by org.testng.reporters.JUnitReportReporter -->
<testsuite hostname="VarunGowda-PC" name="Script.DemoA" tests="1" failures="0" timestamp="16 Oct 2018 18:07:23 GMT" time="114.699" errors="0">
  <testcase name="testA" time="114.699" classname="Script.DemoA"/>
</testsuite> <!-- Script.DemoA -->
