<?xml version="1.0" encoding="UTF-8"?>
<!-- Generated by org.testng.reporters.JUnitReportReporter -->
<testsuite hostname="VarunGowda-PC" name="Script.DemoA" tests="1" failures="0" timestamp="12 Oct 2018 03:26:51 GMT" time="22.790" errors="0">
  <testcase name="testA" time="22.790" classname="Script.DemoA"/>
</testsuite> <!-- Script.DemoA -->
